<?xml version="1.0" encoding="UTF-8" ?>
<testsuite tests="1" failures="0" name="org.cdc.jasonconverter.asonconverter.AppTest" time="0.004" errors="0" skipped="0">
  <properties>
    <property name="java.runtime.name" value="Java(TM) SE Runtime Environment"/>
    <property name="sun.boot.library.path" value="C:\wildfly-10.0.0.Final\Java\jdk1.8.0_45\jre\bin"/>
    <property name="java.vm.version" value="25.45-b02"/>
    <property name="java.vm.vendor" value="Oracle Corporation"/>
    <property name="maven.multiModuleProjectDirectory" value="C:\Users\sharmapra\NBS\asonconverter"/>
    <property name="java.vendor.url" value="http://java.oracle.com/"/>
    <property name="path.separator" value=";"/>
    <property name="guice.disable.misplaced.annotation.check" value="true"/>
    <property name="java.vm.name" value="Java HotSpot(TM) 64-Bit Server VM"/>
    <property name="file.encoding.pkg" value="sun.io"/>
    <property name="user.script" value=""/>
    <property name="user.country" value="US"/>
    <property name="sun.java.launcher" value="SUN_STANDARD"/>
    <property name="sun.os.patch.level" value=""/>
    <property name="java.vm.specification.name" value="Java Virtual Machine Specification"/>
    <property name="user.dir" value="C:\Users\sharmapra\NBS\asonconverter"/>
    <property name="java.runtime.version" value="1.8.0_45-b15"/>
    <property name="java.awt.graphicsenv" value="sun.awt.Win32GraphicsEnvironment"/>
    <property name="java.endorsed.dirs" value="C:\wildfly-10.0.0.Final\Java\jdk1.8.0_45\jre\lib\endorsed"/>
    <property name="os.arch" value="amd64"/>
    <property name="java.io.tmpdir" value="C:\Users\SHARMA~1\AppData\Local\Temp\"/>
    <property name="line.separator" value="
"/>
    <property name="java.vm.specification.vendor" value="Oracle Corporation"/>
    <property name="user.variant" value=""/>
    <property name="os.name" value="Windows 8.1"/>
    <property name="classworlds.conf" value="C:\Users\sharmapra\NBS\.metadata\.plugins\org.eclipse.m2e.launching\launches\m2conf15558851324621809703.tmp"/>
    <property name="sun.jnu.encoding" value="Cp1252"/>
    <property name="java.library.path" value="C:\wildfly-10.0.0.Final\Java\jdk1.8.0_45\jre\bin;C:\WINDOWS\Sun\Java\bin;C:\WINDOWS\system32;C:\WINDOWS;C:/wildfly-12.0.0.Final/Java/jdk-9.0.4/bin/server;C:/wildfly-12.0.0.Final/Java/jdk-9.0.4/bin;C:\wildfly-12.0.0.Final\Java\jdk-9.0.4\bin;C:\eclipse;;."/>
    <property name="java.specification.name" value="Java Platform API Specification"/>
    <property name="java.class.version" value="52.0"/>
    <property name="sun.management.compiler" value="HotSpot 64-Bit Tiered Compilers"/>
    <property name="os.version" value="6.3"/>
    <property name="user.home" value="C:\Users\sharmapra"/>
    <property name="user.timezone" value="America/New_York"/>
    <property name="java.awt.printerjob" value="sun.awt.windows.WPrinterJob"/>
    <property name="java.specification.version" value="1.8"/>
    <property name="file.encoding" value="Cp1252"/>
    <property name="user.name" value="SharmaPra"/>
    <property name="java.class.path" value="C:\eclipse\plugins\org.eclipse.m2e.maven.runtime_1.8.3.20180227-2135\jars\plexus-classworlds-2.5.2.jar"/>
    <property name="java.vm.specification.version" value="1.8"/>
    <property name="sun.arch.data.model" value="64"/>
    <property name="java.home" value="C:\wildfly-10.0.0.Final\Java\jdk1.8.0_45\jre"/>
    <property name="sun.java.command" value="org.codehaus.plexus.classworlds.launcher.Launcher -B test"/>
    <property name="java.specification.vendor" value="Oracle Corporation"/>
    <property name="user.language" value="en"/>
    <property name="awt.toolkit" value="sun.awt.windows.WToolkit"/>
    <property name="java.vm.info" value="mixed mode"/>
    <property name="java.version" value="1.8.0_45"/>
    <property name="java.ext.dirs" value="C:\wildfly-10.0.0.Final\Java\jdk1.8.0_45\jre\lib\ext;C:\WINDOWS\Sun\Java\lib\ext"/>
    <property name="sun.boot.class.path" value="C:\wildfly-10.0.0.Final\Java\jdk1.8.0_45\jre\lib\endorsed\dom.jar;C:\wildfly-10.0.0.Final\Java\jdk1.8.0_45\jre\lib\endorsed\jakarta-bcel-20040329.jar;C:\wildfly-10.0.0.Final\Java\jdk1.8.0_45\jre\lib\endorsed\jakarta-regexp-1.4.jar;C:\wildfly-10.0.0.Final\Java\jdk1.8.0_45\jre\lib\endorsed\resolver.jar;C:\wildfly-10.0.0.Final\Java\jdk1.8.0_45\jre\lib\endorsed\sax.jar;C:\wildfly-10.0.0.Final\Java\jdk1.8.0_45\jre\lib\endorsed\xalan-2.7.0.jar;C:\wildfly-10.0.0.Final\Java\jdk1.8.0_45\jre\lib\endorsed\xercesImpl-2.7.1.jar;C:\wildfly-10.0.0.Final\Java\jdk1.8.0_45\jre\lib\endorsed\xml-apis-1.3.02.jar;C:\wildfly-10.0.0.Final\Java\jdk1.8.0_45\jre\lib\endorsed\xsltc.jar;C:\wildfly-10.0.0.Final\Java\jdk1.8.0_45\jre\lib\resources.jar;C:\wildfly-10.0.0.Final\Java\jdk1.8.0_45\jre\lib\rt.jar;C:\wildfly-10.0.0.Final\Java\jdk1.8.0_45\jre\lib\sunrsasign.jar;C:\wildfly-10.0.0.Final\Java\jdk1.8.0_45\jre\lib\jsse.jar;C:\wildfly-10.0.0.Final\Java\jdk1.8.0_45\jre\lib\jce.jar;C:\wildfly-10.0.0.Final\Java\jdk1.8.0_45\jre\lib\charsets.jar;C:\wildfly-10.0.0.Final\Java\jdk1.8.0_45\jre\lib\jfr.jar;C:\wildfly-10.0.0.Final\Java\jdk1.8.0_45\jre\classes"/>
    <property name="java.vendor" value="Oracle Corporation"/>
    <property name="maven.home" value="C:\Users\sharmapra\NBS\asonconverter\EMBEDDED"/>
    <property name="file.separator" value="\"/>
    <property name="java.vendor.url.bug" value="http://bugreport.sun.com/bugreport/"/>
    <property name="sun.cpu.endian" value="little"/>
    <property name="sun.io.unicode.encoding" value="UnicodeLittle"/>
    <property name="sun.desktop" value="windows"/>
    <property name="sun.cpu.isalist" value="amd64"/>
  </properties>
  <testcase classname="org.cdc.jasonconverter.asonconverter.AppTest" name="testApp" time="0.004"/>
</testsuite>